Dec 02, 2024 5:28:59 PM utils.LogUtil info
INFO: Attempting login for user: hlong3
Dec 02, 2024 5:29:00 PM utils.LogUtil info
INFO: Login successful for user: hlong3
Dec 02, 2024 5:29:03 PM utils.LogUtil info
INFO: OTP sent to email: nguyenhoanglongk14@siu.edu.vn
Dec 02, 2024 5:29:47 PM utils.LogUtil info
INFO: OTP verified successfully for user: hlong3
Dec 02, 2024 5:29:49 PM utils.LogUtil info
INFO: Menu sent successfully to client.
Dec 02, 2024 5:29:49 PM utils.LogUtil info
INFO: Fetching order history for customer ID: 11
Dec 02, 2024 5:29:49 PM utils.LogUtil info
INFO: Order history retrieved successfully for customer ID: 11
Dec 02, 2024 5:29:49 PM utils.LogUtil info
INFO: Order history sent to client for customer ID: 11
Dec 02, 2024 5:30:15 PM utils.LogUtil info
INFO: Received order from client: model.Order@b40ce87
Dec 02, 2024 5:30:15 PM utils.LogUtil info
INFO: Order saved to database successfully: model.Order@b40ce87
Dec 02, 2024 5:30:20 PM utils.LogUtil info
INFO: Received order from client: model.Order@6e38e3c5
Dec 02, 2024 5:30:20 PM utils.LogUtil info
INFO: Order saved to database successfully: model.Order@6e38e3c5
Dec 02, 2024 6:02:38 PM utils.LogUtil info
INFO: Attempting login for user: hlong3
Dec 02, 2024 6:02:38 PM utils.LogUtil info
INFO: Login successful for user: hlong3
Dec 02, 2024 6:02:42 PM utils.LogUtil info
INFO: OTP sent to email: nguyenhoanglongk14@siu.edu.vn
Dec 02, 2024 6:02:57 PM utils.LogUtil info
INFO: OTP verified successfully for user: hlong3
Dec 02, 2024 6:02:59 PM utils.LogUtil info
INFO: Menu sent successfully to client.
Dec 02, 2024 6:02:59 PM utils.LogUtil info
INFO: Fetching order history for customer ID: 11
Dec 02, 2024 6:02:59 PM utils.LogUtil info
INFO: Order history retrieved successfully for customer ID: 11
Dec 02, 2024 6:02:59 PM utils.LogUtil info
INFO: Order history sent to client for customer ID: 11
Dec 02, 2024 6:03:34 PM utils.LogUtil info
INFO: Received order from client: model.Order@1319771a
Dec 02, 2024 6:03:34 PM utils.LogUtil info
INFO: Order saved to database successfully: model.Order@1319771a
Dec 02, 2024 7:57:41 PM utils.LogUtil info
INFO: Attempting login for user: hlong3
Dec 02, 2024 7:57:42 PM utils.LogUtil info
INFO: Login successful for user: hlong3
Dec 02, 2024 7:57:45 PM utils.LogUtil info
INFO: OTP sent to email: nguyenhoanglongk14@siu.edu.vn
Dec 02, 2024 7:58:49 PM utils.LogUtil info
INFO: OTP verified successfully for user: hlong3
Dec 02, 2024 7:58:50 PM utils.LogUtil info
INFO: Menu sent successfully to client.
Dec 02, 2024 7:58:50 PM utils.LogUtil info
INFO: Fetching order history for customer ID: 11
Dec 02, 2024 7:58:51 PM utils.LogUtil info
INFO: Order history retrieved successfully for customer ID: 11
Dec 02, 2024 7:58:51 PM utils.LogUtil info
INFO: Order history sent to client for customer ID: 11
Dec 02, 2024 7:59:00 PM utils.LogUtil info
INFO: Received order from client: model.Order@7751969a
Dec 02, 2024 7:59:00 PM utils.LogUtil info
INFO: Order saved to database successfully: model.Order@7751969a
Dec 02, 2024 9:31:12 PM utils.LogUtil info
INFO: Add drink: hlong
Dec 02, 2024 10:59:23 PM utils.LogUtil info
INFO: Attempting login for user: hlong3
Dec 02, 2024 10:59:24 PM utils.LogUtil info
INFO: Login successful for user: hlong3
Dec 02, 2024 10:59:28 PM utils.LogUtil info
INFO: OTP sent to email: nguyenhoanglongk14@siu.edu.vn
Dec 02, 2024 10:59:45 PM utils.LogUtil info
INFO: OTP verified successfully for user: hlong3
Dec 02, 2024 10:59:46 PM utils.LogUtil info
INFO: Menu sent successfully to client.
Dec 02, 2024 10:59:46 PM utils.LogUtil info
INFO: Fetching order history for customer ID: 11
Dec 02, 2024 10:59:46 PM utils.LogUtil info
INFO: Order history retrieved successfully for customer ID: 11
Dec 02, 2024 10:59:46 PM utils.LogUtil info
INFO: Order history sent to client for customer ID: 11
Dec 02, 2024 10:59:51 PM utils.LogUtil info
INFO: Received order from client: model.Order@6a487cc7
Dec 02, 2024 10:59:51 PM utils.LogUtil info
INFO: Order saved to database successfully: model.Order@6a487cc7
Dec 02, 2024 11:00:55 PM utils.LogUtil info
INFO: Edit drink: 17
Dec 03, 2024 7:57:45 AM utils.LogUtil info
INFO: Attempting login for user: hlong3
Dec 03, 2024 7:57:45 AM utils.LogUtil info
INFO: Login successful for user: hlong3
Dec 03, 2024 7:57:49 AM utils.LogUtil info
INFO: OTP sent to email: nguyenhoanglongk14@siu.edu.vn
Dec 03, 2024 7:58:10 AM utils.LogUtil info
INFO: OTP verified successfully for user: hlong3
Dec 03, 2024 7:58:11 AM utils.LogUtil info
INFO: Menu sent successfully to client.
Dec 03, 2024 7:58:11 AM utils.LogUtil info
INFO: Fetching order history for customer ID: 11
Dec 03, 2024 7:58:12 AM utils.LogUtil info
INFO: Order history retrieved successfully for customer ID: 11
Dec 03, 2024 7:58:12 AM utils.LogUtil info
INFO: Order history sent to client for customer ID: 11
Dec 03, 2024 7:58:40 AM utils.LogUtil info
INFO: Received order from client: model.Order@6bae62b5
Dec 03, 2024 7:58:40 AM utils.LogUtil info
INFO: Order saved to database successfully: model.Order@6bae62b5
Dec 03, 2024 7:59:10 AM utils.LogUtil info
INFO: Update order: 32
Dec 03, 2024 9:26:46 AM utils.LogUtil info
INFO: Add machine: admin
Dec 03, 2024 9:49:28 AM utils.LogUtil info
INFO: Admin log in: admin
Dec 20, 2024 7:33:02 PM utils.LogUtil info
INFO: Admin log in: admin
Dec 20, 2024 7:37:04 PM utils.LogUtil info
INFO: Admin log in: admin
Dec 20, 2024 7:37:34 PM utils.LogUtil info
INFO: Edit drink: 12
Dec 20, 2024 7:43:08 PM utils.LogUtil info
INFO: Admin log in: admin
Dec 20, 2024 7:43:34 PM utils.LogUtil info
INFO: Edit drink: 11
Dec 20, 2024 7:44:00 PM utils.LogUtil info
INFO: Edit drink: 13
Dec 20, 2024 7:44:25 PM utils.LogUtil info
INFO: Edit drink: 14
Dec 20, 2024 7:44:45 PM utils.LogUtil info
INFO: Edit drink: 12
Dec 20, 2024 7:49:42 PM utils.LogUtil info
INFO: Admin log in: admin
Dec 20, 2024 7:50:39 PM utils.LogUtil info
INFO: Edit drink: 10
Dec 20, 2024 7:51:16 PM utils.LogUtil info
INFO: Edit drink: 15
Dec 20, 2024 7:51:26 PM utils.LogUtil info
INFO: Edit drink: 15
Dec 20, 2024 7:51:58 PM utils.LogUtil info
INFO: Edit drink: 16
Dec 20, 2024 7:52:19 PM utils.LogUtil info
INFO: Edit drink: 17
Dec 20, 2024 7:52:38 PM utils.LogUtil info
INFO: Edit drink: 18
Dec 20, 2024 7:52:45 PM utils.LogUtil info
INFO: Edit drink: 17
Dec 20, 2024 7:52:53 PM utils.LogUtil info
INFO: Edit drink: 13
Dec 20, 2024 7:53:05 PM utils.LogUtil info
INFO: Edit drink: 11
Dec 20, 2024 7:53:11 PM utils.LogUtil info
INFO: Edit drink: 14
Dec 20, 2024 7:58:51 PM utils.LogUtil info
INFO: Edit drink: 17
Dec 20, 2024 8:00:06 PM utils.LogUtil info
INFO: Attempting login for user: hlong
Dec 20, 2024 8:00:06 PM utils.LogUtil warning
WARNING: Invalid login attempt for user: hlong
Dec 20, 2024 8:00:11 PM utils.LogUtil info
INFO: Attempting login for user: hlong3
Dec 20, 2024 8:00:11 PM utils.LogUtil info
INFO: Login successful for user: hlong3
Dec 20, 2024 8:00:15 PM utils.LogUtil info
INFO: OTP sent to email: nguyenhoanglongk14@siu.edu.vn
Dec 20, 2024 8:00:28 PM utils.LogUtil info
INFO: OTP verified successfully for user: hlong3
Dec 20, 2024 8:00:29 PM utils.LogUtil info
INFO: Menu sent successfully to client.
Dec 20, 2024 8:00:29 PM utils.LogUtil info
INFO: Fetching order history for customer ID: 11
Dec 20, 2024 8:00:29 PM utils.LogUtil info
INFO: Order history retrieved successfully for customer ID: 11
Dec 20, 2024 8:00:29 PM utils.LogUtil info
INFO: Order history sent to client for customer ID: 11
Dec 20, 2024 8:00:46 PM utils.LogUtil info
INFO: Received order from client: model.Order@4bef263a
Dec 20, 2024 8:00:46 PM utils.LogUtil info
INFO: Order saved to database successfully: model.Order@4bef263a
Dec 20, 2024 8:03:12 PM utils.LogUtil info
INFO: Menu sent successfully to client.
Dec 20, 2024 8:03:12 PM utils.LogUtil info
INFO: Fetching order history for customer ID: 11
Dec 20, 2024 8:03:12 PM utils.LogUtil info
INFO: Order history retrieved successfully for customer ID: 11
Dec 20, 2024 8:03:12 PM utils.LogUtil info
INFO: Order history sent to client for customer ID: 11
Dec 20, 2024 8:03:26 PM utils.LogUtil info
INFO: Attempting login for user: hlong3
Dec 20, 2024 8:03:26 PM utils.LogUtil info
INFO: Login successful for user: hlong3
Dec 20, 2024 8:03:29 PM utils.LogUtil info
INFO: OTP sent to email: nguyenhoanglongk14@siu.edu.vn
Dec 20, 2024 8:04:01 PM utils.LogUtil info
INFO: OTP verified successfully for user: hlong3
Dec 20, 2024 8:04:02 PM utils.LogUtil info
INFO: Menu sent successfully to client.
Dec 20, 2024 8:04:02 PM utils.LogUtil info
INFO: Fetching order history for customer ID: 11
Dec 20, 2024 8:04:02 PM utils.LogUtil info
INFO: Order history retrieved successfully for customer ID: 11
Dec 20, 2024 8:04:02 PM utils.LogUtil info
INFO: Order history sent to client for customer ID: 11
Dec 20, 2024 8:04:11 PM utils.LogUtil info
INFO: Received order from client: model.Order@460d306f
Dec 20, 2024 8:04:11 PM utils.LogUtil info
INFO: Fetching order history for customer ID: 11
Dec 20, 2024 8:04:11 PM utils.LogUtil info
INFO: Order saved to database successfully: model.Order@460d306f
Dec 20, 2024 8:04:11 PM utils.LogUtil info
INFO: Order history retrieved successfully for customer ID: 11
Dec 20, 2024 8:04:11 PM utils.LogUtil info
INFO: Order history sent to client for customer ID: 11
Dec 20, 2024 8:07:01 PM utils.LogUtil info
INFO: Menu sent successfully to client.
Dec 20, 2024 8:07:02 PM utils.LogUtil info
INFO: Fetching order history for customer ID: 11
Dec 20, 2024 8:07:02 PM utils.LogUtil info
INFO: Order history retrieved successfully for customer ID: 11
Dec 20, 2024 8:07:02 PM utils.LogUtil info
INFO: Order history sent to client for customer ID: 11
Dec 20, 2024 8:07:11 PM utils.LogUtil info
INFO: Attempting login for user: hlong3
Dec 20, 2024 8:07:11 PM utils.LogUtil info
INFO: Login successful for user: hlong3
Dec 20, 2024 8:07:15 PM utils.LogUtil info
INFO: OTP sent to email: nguyenhoanglongk14@siu.edu.vn
Dec 20, 2024 8:07:26 PM utils.LogUtil info
INFO: OTP verified successfully for user: hlong3
Dec 20, 2024 8:07:27 PM utils.LogUtil info
INFO: Menu sent successfully to client.
Dec 20, 2024 8:07:27 PM utils.LogUtil info
INFO: Fetching order history for customer ID: 11
Dec 20, 2024 8:07:27 PM utils.LogUtil info
INFO: Order history retrieved successfully for customer ID: 11
Dec 20, 2024 8:07:27 PM utils.LogUtil info
INFO: Order history sent to client for customer ID: 11
Dec 20, 2024 8:07:31 PM utils.LogUtil info
INFO: Received order from client: model.Order@2bcd6ae1
Dec 20, 2024 8:07:31 PM utils.LogUtil info
INFO: Order saved to database successfully: model.Order@2bcd6ae1
Dec 20, 2024 8:11:43 PM utils.LogUtil info
INFO: Admin log in: admin
Dec 20, 2024 8:16:56 PM utils.LogUtil info
INFO: Admin log in: admin
Dec 20, 2024 8:23:18 PM utils.LogUtil info
INFO: Admin log in: admin
Dec 20, 2024 8:28:58 PM utils.LogUtil info
INFO: Admin log in: admin
Dec 20, 2024 8:29:05 PM utils.LogUtil info
INFO: Update order: 35
Dec 20, 2024 8:29:14 PM utils.LogUtil info
INFO: Update order: 34
Dec 20, 2024 8:44:12 PM utils.LogUtil info
INFO: Update order: 33
Dec 20, 2024 8:44:36 PM utils.LogUtil info
INFO: Update order: 35
Dec 20, 2024 8:46:16 PM utils.LogUtil info
INFO: Admin log in: admin
Dec 20, 2024 8:46:28 PM utils.LogUtil info
INFO: Update order: 31
Dec 20, 2024 8:46:39 PM utils.LogUtil info
INFO: Update order: 28
Dec 20, 2024 8:55:28 PM utils.LogUtil info
INFO: Admin log in: admin
Dec 20, 2024 8:55:39 PM utils.LogUtil info
INFO: Update order: 30
Dec 20, 2024 8:56:08 PM utils.LogUtil info
INFO: Update order: 29
Dec 20, 2024 8:57:19 PM utils.LogUtil info
INFO: Admin log in: admin
Dec 20, 2024 8:57:47 PM utils.LogUtil info
INFO: Attempting login for user: hlong3
Dec 20, 2024 8:57:47 PM utils.LogUtil info
INFO: Login successful for user: hlong3
Dec 20, 2024 8:57:50 PM utils.LogUtil info
INFO: OTP sent to email: nguyenhoanglongk14@siu.edu.vn
Dec 20, 2024 8:58:02 PM utils.LogUtil info
INFO: OTP verified successfully for user: hlong3
Dec 20, 2024 8:58:03 PM utils.LogUtil info
INFO: Menu sent successfully to client.
Dec 20, 2024 8:58:03 PM utils.LogUtil info
INFO: Fetching order history for customer ID: 11
Dec 20, 2024 8:58:04 PM utils.LogUtil info
INFO: Order history retrieved successfully for customer ID: 11
Dec 20, 2024 8:58:04 PM utils.LogUtil info
INFO: Order history sent to client for customer ID: 11
Dec 20, 2024 8:58:11 PM utils.LogUtil info
INFO: Received order from client: model.Order@49d5f74e
Dec 20, 2024 8:58:11 PM utils.LogUtil info
INFO: Order saved to database successfully: model.Order@49d5f74e
Dec 20, 2024 8:58:38 PM utils.LogUtil info
INFO: Update order: 36
Dec 20, 2024 9:05:25 PM utils.LogUtil info
INFO: Admin log in: admin
Dec 20, 2024 9:09:17 PM utils.LogUtil info
INFO: Admin log in: admin
Dec 20, 2024 9:10:26 PM utils.LogUtil info
INFO: Update order: 27
Dec 20, 2024 9:10:36 PM utils.LogUtil info
INFO: Edit machine: 6
Dec 20, 2024 9:16:11 PM utils.LogUtil info
INFO: Admin log in: admin
Dec 20, 2024 9:16:19 PM utils.LogUtil info
INFO: Attempting login for user: hlong3
Dec 20, 2024 9:16:20 PM utils.LogUtil info
INFO: Login successful for user: hlong3
Dec 20, 2024 9:16:24 PM utils.LogUtil info
INFO: OTP sent to email: nguyenhoanglongk14@siu.edu.vn
Dec 20, 2024 9:16:37 PM utils.LogUtil warning
WARNING: Invalid OTP for user: hlong3
Dec 20, 2024 9:16:48 PM utils.LogUtil info
INFO: Attempting login for user: hlong3
Dec 20, 2024 9:16:48 PM utils.LogUtil info
INFO: Login successful for user: hlong3
Dec 20, 2024 9:16:51 PM utils.LogUtil info
INFO: OTP sent to email: nguyenhoanglongk14@siu.edu.vn
Dec 20, 2024 9:17:08 PM utils.LogUtil info
INFO: OTP verified successfully for user: hlong3
Dec 20, 2024 9:17:09 PM utils.LogUtil info
INFO: Menu sent successfully to client.
Dec 20, 2024 9:17:09 PM utils.LogUtil info
INFO: Fetching order history for customer ID: 11
Dec 20, 2024 9:17:10 PM utils.LogUtil info
INFO: Order history retrieved successfully for customer ID: 11
Dec 20, 2024 9:17:10 PM utils.LogUtil info
INFO: Order history sent to client for customer ID: 11
Dec 20, 2024 9:17:44 PM utils.LogUtil info
INFO: Received order from client: model.Order@75a1c95c
Dec 20, 2024 9:17:44 PM utils.LogUtil info
INFO: Order saved to database successfully: model.Order@75a1c95c
Dec 20, 2024 9:18:15 PM utils.LogUtil info
INFO: Update order: 37
Dec 20, 2024 9:19:35 PM utils.LogUtil info
INFO: Attempting login for user: hlong3
Dec 20, 2024 9:19:35 PM utils.LogUtil info
INFO: Login successful for user: hlong3
Dec 20, 2024 9:19:38 PM utils.LogUtil info
INFO: OTP sent to email: nguyenhoanglongk14@siu.edu.vn
Dec 20, 2024 9:19:49 PM utils.LogUtil info
INFO: OTP verified successfully for user: hlong3
Dec 20, 2024 9:19:49 PM utils.LogUtil info
INFO: Menu sent successfully to client.
Dec 20, 2024 9:19:50 PM utils.LogUtil info
INFO: Fetching order history for customer ID: 11
Dec 20, 2024 9:19:50 PM utils.LogUtil info
INFO: Order history retrieved successfully for customer ID: 11
Dec 20, 2024 9:19:50 PM utils.LogUtil info
INFO: Order history sent to client for customer ID: 11
Dec 20, 2024 9:21:38 PM utils.LogUtil info
INFO: Attempting login for user: hlong3
Dec 20, 2024 9:21:39 PM utils.LogUtil info
INFO: Login successful for user: hlong3
Dec 20, 2024 9:21:41 PM utils.LogUtil info
INFO: OTP sent to email: nguyenhoanglongk14@siu.edu.vn
Dec 20, 2024 9:21:53 PM utils.LogUtil info
INFO: OTP verified successfully for user: hlong3
Dec 20, 2024 9:21:54 PM utils.LogUtil info
INFO: Menu sent successfully to client.
Dec 20, 2024 9:21:54 PM utils.LogUtil info
INFO: Fetching order history for customer ID: 11
Dec 20, 2024 9:21:55 PM utils.LogUtil info
INFO: Order history retrieved successfully for customer ID: 11
Dec 20, 2024 9:21:55 PM utils.LogUtil info
INFO: Order history sent to client for customer ID: 11
Dec 20, 2024 9:22:05 PM utils.LogUtil info
INFO: Received order from client: model.Order@4761cae3
Dec 20, 2024 9:22:05 PM utils.LogUtil info
INFO: Order saved to database successfully: model.Order@4761cae3
Dec 20, 2024 9:23:18 PM utils.LogUtil info
INFO: Attempting login for user: hlong3
Dec 20, 2024 9:23:19 PM utils.LogUtil info
INFO: Login successful for user: hlong3
Dec 20, 2024 9:23:22 PM utils.LogUtil info
INFO: OTP sent to email: nguyenhoanglongk14@siu.edu.vn
Dec 20, 2024 9:23:35 PM utils.LogUtil info
INFO: OTP verified successfully for user: hlong3
Dec 20, 2024 9:23:36 PM utils.LogUtil info
INFO: Menu sent successfully to client.
Dec 20, 2024 9:23:36 PM utils.LogUtil info
INFO: Fetching order history for customer ID: 11
Dec 20, 2024 9:23:36 PM utils.LogUtil info
INFO: Order history retrieved successfully for customer ID: 11
Dec 20, 2024 9:23:36 PM utils.LogUtil info
INFO: Order history sent to client for customer ID: 11
Dec 20, 2024 9:23:39 PM utils.LogUtil info
INFO: Received order from client: model.Order@44618b25
Dec 20, 2024 9:23:39 PM utils.LogUtil info
INFO: Order saved to database successfully: model.Order@44618b25
Dec 20, 2024 9:23:41 PM utils.LogUtil info
INFO: Fetching order history for customer ID: 11
Dec 20, 2024 9:23:41 PM utils.LogUtil info
INFO: Order history retrieved successfully for customer ID: 11
Dec 20, 2024 9:23:41 PM utils.LogUtil info
INFO: Order history sent to client for customer ID: 11
Dec 20, 2024 9:23:46 PM utils.LogUtil info
INFO: Received order from client: model.Order@39edb60c
Dec 20, 2024 9:23:46 PM utils.LogUtil info
INFO: Order saved to database successfully: model.Order@39edb60c
Dec 20, 2024 9:23:47 PM utils.LogUtil info
INFO: Fetching order history for customer ID: 11
Dec 20, 2024 9:23:47 PM utils.LogUtil info
INFO: Order history retrieved successfully for customer ID: 11
Dec 20, 2024 9:23:47 PM utils.LogUtil info
INFO: Order history sent to client for customer ID: 11
Dec 20, 2024 9:32:39 PM utils.LogUtil info
INFO: Admin log in: admin
Dec 20, 2024 9:32:46 PM utils.LogUtil info
INFO: Attempting login for user: hlong3
Dec 20, 2024 9:32:47 PM utils.LogUtil info
INFO: Login successful for user: hlong3
Dec 20, 2024 9:32:50 PM utils.LogUtil info
INFO: OTP sent to email: nguyenhoanglongk14@siu.edu.vn
Dec 20, 2024 9:33:01 PM utils.LogUtil info
INFO: OTP verified successfully for user: hlong3
Dec 20, 2024 9:33:02 PM utils.LogUtil info
INFO: Menu sent successfully to client.
Dec 20, 2024 9:33:02 PM utils.LogUtil info
INFO: Fetching order history for customer ID: 11
Dec 20, 2024 9:33:02 PM utils.LogUtil info
INFO: Order history retrieved successfully for customer ID: 11
Dec 20, 2024 9:33:02 PM utils.LogUtil info
INFO: Order history sent to client for customer ID: 11
Dec 20, 2024 9:33:15 PM utils.LogUtil info
INFO: Received order from client: model.Order@2d66dc1d
Dec 20, 2024 9:33:15 PM utils.LogUtil info
INFO: Order saved to database successfully: model.Order@2d66dc1d
Dec 20, 2024 9:33:16 PM utils.LogUtil info
INFO: Fetching order history for customer ID: 11
Dec 20, 2024 9:33:16 PM utils.LogUtil info
INFO: Order history retrieved successfully for customer ID: 11
Dec 20, 2024 9:33:16 PM utils.LogUtil info
INFO: Order history sent to client for customer ID: 11
Dec 20, 2024 9:44:08 PM utils.LogUtil info
INFO: Admin log in: admin
Dec 20, 2024 9:44:59 PM utils.LogUtil info
INFO: Update order: 40
Dec 20, 2024 9:45:33 PM utils.LogUtil info
INFO: Attempting login for user: hlong3
Dec 20, 2024 9:45:33 PM utils.LogUtil info
INFO: Login successful for user: hlong3
Dec 20, 2024 9:45:36 PM utils.LogUtil info
INFO: OTP sent to email: nguyenhoanglongk14@siu.edu.vn
Dec 20, 2024 9:46:28 PM utils.LogUtil info
INFO: OTP verified successfully for user: hlong3
Dec 20, 2024 9:46:29 PM utils.LogUtil info
INFO: Menu sent successfully to client.
Dec 20, 2024 9:46:29 PM utils.LogUtil info
INFO: Fetching order history for customer ID: 11
Dec 20, 2024 9:46:30 PM utils.LogUtil info
INFO: Order history retrieved successfully for customer ID: 11
Dec 20, 2024 9:46:30 PM utils.LogUtil info
INFO: Order history sent to client for customer ID: 11
Dec 20, 2024 9:46:37 PM utils.LogUtil info
INFO: Received order from client: model.Order@3658b103
Dec 20, 2024 9:46:38 PM utils.LogUtil info
INFO: Order saved to database successfully: model.Order@3658b103
Dec 20, 2024 9:46:38 PM utils.LogUtil info
INFO: Fetching order history for customer ID: 11
Dec 20, 2024 9:46:38 PM utils.LogUtil info
INFO: Order history retrieved successfully for customer ID: 11
Dec 20, 2024 9:46:38 PM utils.LogUtil info
INFO: Order history sent to client for customer ID: 11
Dec 20, 2024 9:47:05 PM utils.LogUtil info
INFO: Update order: 42
Dec 20, 2024 9:47:09 PM utils.LogUtil info
INFO: Update order: 42
Dec 20, 2024 9:51:28 PM utils.LogUtil info
INFO: Admin log in: admin
Dec 20, 2024 9:51:32 PM utils.LogUtil info
INFO: Menu sent successfully to client.
Dec 20, 2024 9:51:32 PM utils.LogUtil info
INFO: Fetching order history for customer ID: 11
Dec 20, 2024 9:51:32 PM utils.LogUtil info
INFO: Order history retrieved successfully for customer ID: 11
Dec 20, 2024 9:51:32 PM utils.LogUtil info
INFO: Order history sent to client for customer ID: 11
Dec 20, 2024 9:51:45 PM utils.LogUtil info
INFO: Menu sent successfully to client.
Dec 20, 2024 9:51:45 PM utils.LogUtil info
INFO: Fetching order history for customer ID: 11
Dec 20, 2024 9:51:45 PM utils.LogUtil info
INFO: Order history retrieved successfully for customer ID: 11
Dec 20, 2024 9:51:45 PM utils.LogUtil info
INFO: Order history sent to client for customer ID: 11
Dec 20, 2024 9:52:24 PM utils.LogUtil info
INFO: Menu sent successfully to client.
Dec 20, 2024 9:52:24 PM utils.LogUtil info
INFO: Fetching order history for customer ID: 11
Dec 20, 2024 9:52:24 PM utils.LogUtil info
INFO: Order history retrieved successfully for customer ID: 11
Dec 20, 2024 9:52:24 PM utils.LogUtil info
INFO: Order history sent to client for customer ID: 11
Dec 20, 2024 9:53:35 PM utils.LogUtil info
INFO: Menu sent successfully to client.
Dec 20, 2024 9:53:35 PM utils.LogUtil info
INFO: Fetching order history for customer ID: 11
Dec 20, 2024 9:53:35 PM utils.LogUtil info
INFO: Order history retrieved successfully for customer ID: 11
Dec 20, 2024 9:53:35 PM utils.LogUtil info
INFO: Order history sent to client for customer ID: 11
Dec 20, 2024 9:54:34 PM utils.LogUtil info
INFO: Menu sent successfully to client.
Dec 20, 2024 9:54:34 PM utils.LogUtil info
INFO: Fetching order history for customer ID: 11
Dec 20, 2024 9:54:35 PM utils.LogUtil info
INFO: Order history retrieved successfully for customer ID: 11
Dec 20, 2024 9:54:35 PM utils.LogUtil info
INFO: Order history sent to client for customer ID: 11
Dec 20, 2024 10:12:43 PM utils.LogUtil info
INFO: Admin log in: admin
Dec 20, 2024 10:12:58 PM utils.LogUtil info
INFO: Admin log in: admin
Dec 20, 2024 10:13:13 PM utils.LogUtil info
INFO: Menu sent successfully to client.
Dec 20, 2024 10:13:13 PM utils.LogUtil info
INFO: Fetching order history for customer ID: 11
Dec 20, 2024 10:13:13 PM utils.LogUtil info
INFO: Order history retrieved successfully for customer ID: 11
Dec 20, 2024 10:13:13 PM utils.LogUtil info
INFO: Order history sent to client for customer ID: 11
Dec 20, 2024 10:13:31 PM utils.LogUtil info
INFO: Menu sent successfully to client.
Dec 20, 2024 10:13:31 PM utils.LogUtil info
INFO: Fetching order history for customer ID: 11
Dec 20, 2024 10:13:31 PM utils.LogUtil info
INFO: Order history retrieved successfully for customer ID: 11
Dec 20, 2024 10:13:31 PM utils.LogUtil info
INFO: Order history sent to client for customer ID: 11
Dec 20, 2024 10:16:36 PM utils.LogUtil info
INFO: Menu sent successfully to client.
Dec 20, 2024 10:16:36 PM utils.LogUtil info
INFO: Fetching order history for customer ID: 11
Dec 20, 2024 10:16:37 PM utils.LogUtil info
INFO: Order history retrieved successfully for customer ID: 11
Dec 20, 2024 10:16:37 PM utils.LogUtil info
INFO: Order history sent to client for customer ID: 11
Dec 20, 2024 10:16:56 PM utils.LogUtil info
INFO: Attempting login for user: hlong3
Dec 20, 2024 10:16:56 PM utils.LogUtil info
INFO: Login successful for user: hlong3
Dec 20, 2024 10:17:00 PM utils.LogUtil info
INFO: OTP sent to email: nguyenhoanglongk14@siu.edu.vn
Dec 20, 2024 10:17:10 PM utils.LogUtil info
INFO: OTP verified successfully for user: hlong3
Dec 20, 2024 10:17:11 PM utils.LogUtil info
INFO: Menu sent successfully to client.
Dec 20, 2024 10:17:11 PM utils.LogUtil info
INFO: Fetching order history for customer ID: 11
Dec 20, 2024 10:17:11 PM utils.LogUtil info
INFO: Order history retrieved successfully for customer ID: 11
Dec 20, 2024 10:17:11 PM utils.LogUtil info
INFO: Order history sent to client for customer ID: 11
Dec 21, 2024 11:30:36 AM utils.LogUtil info
INFO: Admin log in: admin
Dec 21, 2024 11:49:09 AM utils.LogUtil info
INFO: Admin log in: admin
Dec 21, 2024 11:49:23 AM utils.LogUtil info
INFO: Edit drink: 10
Dec 21, 2024 11:49:41 AM utils.LogUtil info
INFO: Attempting login for user: hlong3
Dec 21, 2024 11:49:41 AM utils.LogUtil info
INFO: Login successful for user: hlong3
Dec 21, 2024 11:49:45 AM utils.LogUtil info
INFO: OTP sent to email: nguyenhoanglongk14@siu.edu.vn
Dec 21, 2024 11:50:02 AM utils.LogUtil info
INFO: OTP verified successfully for user: hlong3
Dec 21, 2024 11:50:02 AM utils.LogUtil info
INFO: Menu sent successfully to client.
Dec 21, 2024 11:50:03 AM utils.LogUtil info
INFO: Fetching order history for customer ID: 11
Dec 21, 2024 11:50:03 AM utils.LogUtil info
INFO: Order history retrieved successfully for customer ID: 11
Dec 21, 2024 11:50:03 AM utils.LogUtil info
INFO: Order history sent to client for customer ID: 11
Dec 21, 2024 11:51:22 AM utils.LogUtil info
INFO: Attempting login for user: hlong3
Dec 21, 2024 11:51:22 AM utils.LogUtil info
INFO: Login successful for user: hlong3
Dec 21, 2024 11:51:26 AM utils.LogUtil info
INFO: OTP sent to email: nguyenhoanglongk14@siu.edu.vn
Dec 21, 2024 11:51:40 AM utils.LogUtil info
INFO: OTP verified successfully for user: hlong3
Dec 21, 2024 11:51:41 AM utils.LogUtil info
INFO: Menu sent successfully to client.
Dec 21, 2024 11:51:41 AM utils.LogUtil info
INFO: Fetching order history for customer ID: 11
Dec 21, 2024 11:51:41 AM utils.LogUtil info
INFO: Order history retrieved successfully for customer ID: 11
Dec 21, 2024 11:51:41 AM utils.LogUtil info
INFO: Order history sent to client for customer ID: 11
Dec 21, 2024 11:52:22 AM utils.LogUtil info
INFO: Received order from client: model.Order@38fa5db7
Dec 21, 2024 11:52:22 AM utils.LogUtil info
INFO: Order saved to database successfully: model.Order@38fa5db7
Dec 21, 2024 11:52:23 AM utils.LogUtil info
INFO: Fetching order history for customer ID: 11
Dec 21, 2024 11:52:24 AM utils.LogUtil info
INFO: Order history retrieved successfully for customer ID: 11
Dec 21, 2024 11:52:24 AM utils.LogUtil info
INFO: Order history sent to client for customer ID: 11
Dec 21, 2024 11:52:51 AM utils.LogUtil info
INFO: Received order from client: model.Order@7878e9e7
Dec 21, 2024 11:52:51 AM utils.LogUtil info
INFO: Order saved to database successfully: model.Order@7878e9e7
Dec 21, 2024 11:52:52 AM utils.LogUtil info
INFO: Fetching order history for customer ID: 11
Dec 21, 2024 11:52:52 AM utils.LogUtil info
INFO: Order history retrieved successfully for customer ID: 11
Dec 21, 2024 11:52:52 AM utils.LogUtil info
INFO: Order history sent to client for customer ID: 11
Dec 21, 2024 11:53:15 AM utils.LogUtil info
INFO: Received order from client: model.Order@4d6dc33f
Dec 21, 2024 11:53:15 AM utils.LogUtil warning
WARNING: Insufficient stock for drink ID: 13
Dec 21, 2024 11:53:15 AM utils.LogUtil info
INFO: Order saved to database successfully: model.Order@4d6dc33f
Dec 21, 2024 11:53:16 AM utils.LogUtil info
INFO: Fetching order history for customer ID: 11
Dec 21, 2024 11:53:16 AM utils.LogUtil info
INFO: Order history retrieved successfully for customer ID: 11
Dec 21, 2024 11:53:16 AM utils.LogUtil info
INFO: Order history sent to client for customer ID: 11
Dec 21, 2024 11:53:53 AM utils.LogUtil info
INFO: Received order from client: model.Order@7aa6f3d5
Dec 21, 2024 11:53:53 AM utils.LogUtil info
INFO: Order saved to database successfully: model.Order@7aa6f3d5
Dec 21, 2024 11:53:54 AM utils.LogUtil info
INFO: Fetching order history for customer ID: 11
Dec 21, 2024 11:53:54 AM utils.LogUtil info
INFO: Order history retrieved successfully for customer ID: 11
Dec 21, 2024 11:53:54 AM utils.LogUtil info
INFO: Order history sent to client for customer ID: 11
Dec 21, 2024 12:00:16 PM utils.LogUtil info
INFO: Admin log in: admin
Dec 21, 2024 12:00:33 PM utils.LogUtil info
INFO: Attempting login for user: hlong3
Dec 21, 2024 12:00:33 PM utils.LogUtil info
INFO: Login successful for user: hlong3
Dec 21, 2024 12:00:36 PM utils.LogUtil info
INFO: OTP sent to email: nguyenhoanglongk14@siu.edu.vn
Dec 21, 2024 12:00:48 PM utils.LogUtil info
INFO: OTP verified successfully for user: hlong3
Dec 21, 2024 12:00:49 PM utils.LogUtil info
INFO: Menu sent successfully to client.
Dec 21, 2024 12:00:49 PM utils.LogUtil info
INFO: Fetching order history for customer ID: 11
Dec 21, 2024 12:00:49 PM utils.LogUtil info
INFO: Order history retrieved successfully for customer ID: 11
Dec 21, 2024 12:00:49 PM utils.LogUtil info
INFO: Order history sent to client for customer ID: 11
Dec 21, 2024 12:01:04 PM utils.LogUtil info
INFO: Received order from client: model.Order@1b452107
Dec 21, 2024 12:01:04 PM utils.LogUtil warning
WARNING: Insufficient stock for drink ID: 13
Dec 21, 2024 12:01:04 PM utils.LogUtil info
INFO: Order saved to database successfully: model.Order@1b452107
Dec 21, 2024 12:01:06 PM utils.LogUtil info
INFO: Fetching order history for customer ID: 11
Dec 21, 2024 12:01:06 PM utils.LogUtil info
INFO: Order history retrieved successfully for customer ID: 11
Dec 21, 2024 12:01:06 PM utils.LogUtil info
INFO: Order history sent to client for customer ID: 11
Dec 21, 2024 12:13:53 PM utils.LogUtil info
INFO: Admin log in: admin
Dec 21, 2024 12:14:11 PM utils.LogUtil info
INFO: Attempting login for user: hlong3
Dec 21, 2024 12:14:11 PM utils.LogUtil info
INFO: Login successful for user: hlong3
Dec 21, 2024 12:14:14 PM utils.LogUtil info
INFO: OTP sent to email: nguyenhoanglongk14@siu.edu.vn
Dec 21, 2024 12:14:28 PM utils.LogUtil info
INFO: OTP verified successfully for user: hlong3
Dec 21, 2024 12:14:29 PM utils.LogUtil info
INFO: Menu sent successfully to client.
Dec 21, 2024 12:14:29 PM utils.LogUtil info
INFO: Fetching order history for customer ID: 11
Dec 21, 2024 12:14:29 PM utils.LogUtil info
INFO: Order history retrieved successfully for customer ID: 11
Dec 21, 2024 12:14:29 PM utils.LogUtil info
INFO: Order history sent to client for customer ID: 11
Dec 21, 2024 12:14:36 PM utils.LogUtil info
INFO: Received order from client: model.Order@1b452107
Dec 21, 2024 12:14:36 PM utils.LogUtil warning
WARNING: Insufficient stock for drink ID: 13
Dec 21, 2024 12:14:36 PM utils.LogUtil info
INFO: Order saved to database successfully: model.Order@1b452107
Dec 21, 2024 12:14:37 PM utils.LogUtil info
INFO: Fetching order history for customer ID: 11
Dec 21, 2024 12:14:38 PM utils.LogUtil info
INFO: Order history retrieved successfully for customer ID: 11
Dec 21, 2024 12:14:38 PM utils.LogUtil info
INFO: Order history sent to client for customer ID: 11
Dec 21, 2024 12:15:39 PM utils.LogUtil info
INFO: Attempting login for user: hlong3
Dec 21, 2024 12:15:39 PM utils.LogUtil info
INFO: Login successful for user: hlong3
Dec 21, 2024 12:15:42 PM utils.LogUtil info
INFO: OTP sent to email: nguyenhoanglongk14@siu.edu.vn
Dec 21, 2024 12:15:53 PM utils.LogUtil info
INFO: OTP verified successfully for user: hlong3
Dec 21, 2024 12:15:54 PM utils.LogUtil info
INFO: Menu sent successfully to client.
Dec 21, 2024 12:15:54 PM utils.LogUtil info
INFO: Fetching order history for customer ID: 11
Dec 21, 2024 12:15:54 PM utils.LogUtil info
INFO: Order history retrieved successfully for customer ID: 11
Dec 21, 2024 12:15:54 PM utils.LogUtil info
INFO: Order history sent to client for customer ID: 11
Dec 21, 2024 12:16:12 PM utils.LogUtil info
INFO: Received order from client: model.Order@67b59fde
Dec 21, 2024 12:16:12 PM utils.LogUtil warning
WARNING: Insufficient stock for drink ID: 18
Dec 21, 2024 12:16:12 PM utils.LogUtil info
INFO: Order saved to database successfully: model.Order@67b59fde
Dec 21, 2024 12:16:13 PM utils.LogUtil info
INFO: Menu sent successfully to client.
Dec 21, 2024 12:16:13 PM utils.LogUtil info
INFO: Fetching order history for customer ID: 11
Dec 21, 2024 12:16:13 PM utils.LogUtil info
INFO: Order history retrieved successfully for customer ID: 11
Dec 21, 2024 12:16:13 PM utils.LogUtil info
INFO: Order history sent to client for customer ID: 11
Dec 21, 2024 12:23:33 PM utils.LogUtil info
INFO: Attempting login for user: hlong3
Dec 21, 2024 12:23:33 PM utils.LogUtil info
INFO: Login successful for user: hlong3
Dec 21, 2024 12:23:36 PM utils.LogUtil info
INFO: OTP sent to email: nguyenhoanglongk14@siu.edu.vn
Dec 21, 2024 12:23:46 PM utils.LogUtil info
INFO: OTP verified successfully for user: hlong3
Dec 21, 2024 12:23:47 PM utils.LogUtil info
INFO: Menu sent successfully to client.
Dec 21, 2024 12:23:47 PM utils.LogUtil info
INFO: Fetching order history for customer ID: 11
Dec 21, 2024 12:23:47 PM utils.LogUtil info
INFO: Order history retrieved successfully for customer ID: 11
Dec 21, 2024 12:23:47 PM utils.LogUtil info
INFO: Order history sent to client for customer ID: 11
Dec 21, 2024 12:24:29 PM utils.LogUtil info
INFO: Attempting login for user: hlong3
Dec 21, 2024 12:24:29 PM utils.LogUtil info
INFO: Login successful for user: hlong3
Dec 21, 2024 12:24:32 PM utils.LogUtil info
INFO: OTP sent to email: nguyenhoanglongk14@siu.edu.vn
Dec 21, 2024 12:24:41 PM utils.LogUtil info
INFO: OTP verified successfully for user: hlong3
Dec 21, 2024 12:24:41 PM utils.LogUtil info
INFO: Menu sent successfully to client.
Dec 21, 2024 12:24:41 PM utils.LogUtil info
INFO: Fetching order history for customer ID: 11
Dec 21, 2024 12:24:42 PM utils.LogUtil info
INFO: Order history retrieved successfully for customer ID: 11
Dec 21, 2024 12:24:42 PM utils.LogUtil info
INFO: Order history sent to client for customer ID: 11
Dec 21, 2024 12:27:39 PM utils.LogUtil info
INFO: Attempting login for user: hlong3
Dec 21, 2024 12:27:39 PM utils.LogUtil info
INFO: Login successful for user: hlong3
Dec 21, 2024 12:27:42 PM utils.LogUtil info
INFO: OTP sent to email: nguyenhoanglongk14@siu.edu.vn
Dec 21, 2024 12:27:53 PM utils.LogUtil info
INFO: OTP verified successfully for user: hlong3
Dec 21, 2024 12:27:54 PM utils.LogUtil info
INFO: Menu sent successfully to client.
Dec 21, 2024 12:27:54 PM utils.LogUtil info
INFO: Fetching order history for customer ID: 11
Dec 21, 2024 12:27:54 PM utils.LogUtil info
INFO: Order history retrieved successfully for customer ID: 11
Dec 21, 2024 12:27:54 PM utils.LogUtil info
INFO: Order history sent to client for customer ID: 11
Dec 21, 2024 12:28:51 PM utils.LogUtil info
INFO: Received order from client: model.Order@328f9b55
Dec 21, 2024 12:28:51 PM utils.LogUtil info
INFO: Order saved to database successfully: model.Order@328f9b55
Dec 21, 2024 12:28:52 PM utils.LogUtil info
INFO: Menu sent successfully to client.
Dec 21, 2024 12:28:52 PM utils.LogUtil info
INFO: Fetching order history for customer ID: 11
Dec 21, 2024 12:28:52 PM utils.LogUtil info
INFO: Order history retrieved successfully for customer ID: 11
Dec 21, 2024 12:28:52 PM utils.LogUtil info
INFO: Order history sent to client for customer ID: 11
Dec 21, 2024 12:29:57 PM utils.LogUtil info
INFO: Received order from client: model.Order@17c96afc
Dec 21, 2024 12:29:57 PM utils.LogUtil warning
WARNING: Insufficient stock for drink ID: 15
Dec 21, 2024 12:29:57 PM utils.LogUtil info
INFO: Order saved to database successfully: model.Order@17c96afc
Dec 21, 2024 12:29:58 PM utils.LogUtil info
INFO: Menu sent successfully to client.
Dec 21, 2024 12:29:58 PM utils.LogUtil info
INFO: Fetching order history for customer ID: 11
Dec 21, 2024 12:29:59 PM utils.LogUtil info
INFO: Order history retrieved successfully for customer ID: 11
Dec 21, 2024 12:29:59 PM utils.LogUtil info
INFO: Order history sent to client for customer ID: 11
Dec 21, 2024 12:31:38 PM utils.LogUtil info
INFO: Admin log in: admin
Dec 21, 2024 12:31:54 PM utils.LogUtil info
INFO: Attempting login for user: hlong3
Dec 21, 2024 12:31:54 PM utils.LogUtil info
INFO: Login successful for user: hlong3
Dec 21, 2024 12:31:57 PM utils.LogUtil info
INFO: OTP sent to email: nguyenhoanglongk14@siu.edu.vn
Dec 21, 2024 12:32:07 PM utils.LogUtil info
INFO: OTP verified successfully for user: hlong3
Dec 21, 2024 12:32:08 PM utils.LogUtil info
INFO: Menu sent successfully to client.
Dec 21, 2024 12:32:08 PM utils.LogUtil info
INFO: Fetching order history for customer ID: 11
Dec 21, 2024 12:32:08 PM utils.LogUtil info
INFO: Order history retrieved successfully for customer ID: 11
Dec 21, 2024 12:32:08 PM utils.LogUtil info
INFO: Order history sent to client for customer ID: 11
Dec 21, 2024 12:32:35 PM utils.LogUtil info
INFO: Received order from client: model.Order@bf255bc
Dec 21, 2024 12:32:35 PM utils.LogUtil warning
WARNING: Insufficient stock for drink ID: 12
Dec 21, 2024 12:32:35 PM utils.LogUtil info
INFO: Order saved to database successfully: model.Order@bf255bc
Dec 21, 2024 12:32:36 PM utils.LogUtil info
INFO: Menu sent successfully to client.
Dec 21, 2024 12:32:36 PM utils.LogUtil info
INFO: Fetching order history for customer ID: 11
Dec 21, 2024 12:32:36 PM utils.LogUtil info
INFO: Order history retrieved successfully for customer ID: 11
Dec 21, 2024 12:32:36 PM utils.LogUtil info
INFO: Order history sent to client for customer ID: 11
Dec 21, 2024 12:32:51 PM utils.LogUtil info
INFO: Edit drink: 12
Dec 21, 2024 12:33:02 PM utils.LogUtil info
INFO: Edit drink: 13
Dec 21, 2024 12:33:11 PM utils.LogUtil info
INFO: Edit drink: 14
Dec 21, 2024 12:33:17 PM utils.LogUtil info
INFO: Edit drink: 15
Dec 21, 2024 12:33:24 PM utils.LogUtil info
INFO: Edit drink: 15
Dec 21, 2024 12:33:29 PM utils.LogUtil info
INFO: Edit drink: 18
Dec 21, 2024 12:33:36 PM utils.LogUtil info
INFO: Edit drink: 17
Dec 21, 2024 12:33:42 PM utils.LogUtil info
INFO: Edit drink: 18
Dec 21, 2024 12:33:45 PM utils.LogUtil info
INFO: Edit drink: 10
Dec 21, 2024 12:34:42 PM utils.LogUtil info
INFO: Menu sent successfully to client.
Dec 21, 2024 12:34:42 PM utils.LogUtil info
INFO: Fetching order history for customer ID: 11
Dec 21, 2024 12:34:42 PM utils.LogUtil info
INFO: Order history retrieved successfully for customer ID: 11
Dec 21, 2024 12:34:42 PM utils.LogUtil info
INFO: Order history sent to client for customer ID: 11
Dec 21, 2024 12:35:08 PM utils.LogUtil info
INFO: Attempting login for user: hlong3
Dec 21, 2024 12:35:08 PM utils.LogUtil info
INFO: Login successful for user: hlong3
Dec 21, 2024 12:35:11 PM utils.LogUtil info
INFO: OTP sent to email: nguyenhoanglongk14@siu.edu.vn
Dec 21, 2024 12:35:21 PM utils.LogUtil info
INFO: OTP verified successfully for user: hlong3
Dec 21, 2024 12:35:21 PM utils.LogUtil info
INFO: Menu sent successfully to client.
Dec 21, 2024 12:35:21 PM utils.LogUtil info
INFO: Fetching order history for customer ID: 11
Dec 21, 2024 12:35:22 PM utils.LogUtil info
INFO: Order history retrieved successfully for customer ID: 11
Dec 21, 2024 12:35:22 PM utils.LogUtil info
INFO: Order history sent to client for customer ID: 11
Dec 21, 2024 12:38:18 PM utils.LogUtil info
INFO: Attempting login for user: hlong3
Dec 21, 2024 12:38:18 PM utils.LogUtil info
INFO: Login successful for user: hlong3
Dec 21, 2024 12:38:21 PM utils.LogUtil info
INFO: OTP sent to email: nguyenhoanglongk14@siu.edu.vn
Dec 21, 2024 12:38:30 PM utils.LogUtil info
INFO: OTP verified successfully for user: hlong3
Dec 21, 2024 12:38:31 PM utils.LogUtil info
INFO: Menu sent successfully to client.
Dec 21, 2024 12:38:31 PM utils.LogUtil info
INFO: Fetching order history for customer ID: 11
Dec 21, 2024 12:38:31 PM utils.LogUtil info
INFO: Order history retrieved successfully for customer ID: 11
Dec 21, 2024 12:38:31 PM utils.LogUtil info
INFO: Order history sent to client for customer ID: 11
Dec 21, 2024 12:41:18 PM utils.LogUtil info
INFO: Attempting login for user: hlong3
Dec 21, 2024 12:41:19 PM utils.LogUtil info
INFO: Login successful for user: hlong3
Dec 21, 2024 12:41:21 PM utils.LogUtil info
INFO: OTP sent to email: nguyenhoanglongk14@siu.edu.vn
Dec 21, 2024 12:41:36 PM utils.LogUtil info
INFO: OTP verified successfully for user: hlong3
Dec 21, 2024 12:41:37 PM utils.LogUtil info
INFO: Menu sent successfully to client.
Dec 21, 2024 12:41:37 PM utils.LogUtil info
INFO: Fetching order history for customer ID: 11
Dec 21, 2024 12:41:37 PM utils.LogUtil info
INFO: Order history retrieved successfully for customer ID: 11
Dec 21, 2024 12:41:37 PM utils.LogUtil info
INFO: Order history sent to client for customer ID: 11
Dec 21, 2024 12:45:58 PM utils.LogUtil info
INFO: Admin log in: admin
Dec 21, 2024 12:46:03 PM utils.LogUtil info
INFO: Menu sent successfully to client.
Dec 21, 2024 12:46:03 PM utils.LogUtil info
INFO: Fetching order history for customer ID: 11
Dec 21, 2024 12:46:04 PM utils.LogUtil info
INFO: Order history retrieved successfully for customer ID: 11
Dec 21, 2024 12:46:04 PM utils.LogUtil info
INFO: Order history sent to client for customer ID: 11
Dec 21, 2024 12:46:26 PM utils.LogUtil info
INFO: Attempting login for user: hlong3
Dec 21, 2024 12:46:26 PM utils.LogUtil info
INFO: Login successful for user: hlong3
Dec 21, 2024 12:46:30 PM utils.LogUtil info
INFO: OTP sent to email: nguyenhoanglongk14@siu.edu.vn
Dec 21, 2024 12:46:41 PM utils.LogUtil info
INFO: OTP verified successfully for user: hlong3
Dec 21, 2024 12:46:42 PM utils.LogUtil info
INFO: Menu sent successfully to client.
Dec 21, 2024 12:46:42 PM utils.LogUtil info
INFO: Fetching order history for customer ID: 11
Dec 21, 2024 12:46:42 PM utils.LogUtil info
INFO: Order history retrieved successfully for customer ID: 11
Dec 21, 2024 12:46:42 PM utils.LogUtil info
INFO: Order history sent to client for customer ID: 11
Dec 21, 2024 12:52:21 PM utils.LogUtil info
INFO: Attempting login for user: hlong3
Dec 21, 2024 12:52:21 PM utils.LogUtil info
INFO: Login successful for user: hlong3
Dec 21, 2024 12:52:24 PM utils.LogUtil info
INFO: OTP sent to email: nguyenhoanglongk14@siu.edu.vn
Dec 21, 2024 12:52:40 PM utils.LogUtil info
INFO: OTP verified successfully for user: hlong3
Dec 21, 2024 12:52:41 PM utils.LogUtil info
INFO: Menu sent successfully to client.
Dec 21, 2024 12:52:41 PM utils.LogUtil info
INFO: Fetching order history for customer ID: 11
Dec 21, 2024 12:52:41 PM utils.LogUtil info
INFO: Order history retrieved successfully for customer ID: 11
Dec 21, 2024 12:52:41 PM utils.LogUtil info
INFO: Order history sent to client for customer ID: 11
Dec 21, 2024 12:53:11 PM utils.LogUtil info
INFO: Menu sent successfully to client.
Dec 21, 2024 12:53:11 PM utils.LogUtil info
INFO: Fetching order history for customer ID: 11
Dec 21, 2024 12:53:12 PM utils.LogUtil info
INFO: Order history retrieved successfully for customer ID: 11
Dec 21, 2024 12:53:12 PM utils.LogUtil info
INFO: Order history sent to client for customer ID: 11
Dec 21, 2024 2:34:01 PM utils.LogUtil info
INFO: Admin log in: admin
Dec 21, 2024 2:34:34 PM utils.LogUtil info
INFO: Edit machine: 6
Dec 21, 2024 2:35:22 PM utils.LogUtil info
INFO: Delete machine: 6
Dec 21, 2024 2:35:39 PM utils.LogUtil info
INFO: Add machine: Computer3
Dec 21, 2024 2:41:13 PM utils.LogUtil info
INFO: Admin log in: admin
Dec 21, 2024 2:41:48 PM utils.LogUtil info
INFO: Menu sent successfully to client.
Dec 21, 2024 2:41:48 PM utils.LogUtil info
INFO: Fetching order history for customer ID: 11
Dec 21, 2024 2:41:49 PM utils.LogUtil info
INFO: Order history retrieved successfully for customer ID: 11
Dec 21, 2024 2:41:49 PM utils.LogUtil info
INFO: Order history sent to client for customer ID: 11
Dec 21, 2024 8:21:43 PM utils.LogUtil info
INFO: Admin log in: admin
Dec 21, 2024 8:21:54 PM utils.LogUtil info
INFO: Attempting login for user: hlong3
Dec 21, 2024 8:21:54 PM utils.LogUtil info
INFO: Login successful for user: hlong3
Dec 21, 2024 8:21:57 PM utils.LogUtil info
INFO: OTP sent to email: nguyenhoanglongk14@siu.edu.vn
Dec 21, 2024 8:22:09 PM utils.LogUtil info
INFO: OTP verified successfully for user: hlong3
Dec 21, 2024 8:22:10 PM utils.LogUtil info
INFO: Menu sent successfully to client.
Dec 21, 2024 8:22:10 PM utils.LogUtil info
INFO: Fetching order history for customer ID: 11
Dec 21, 2024 8:22:11 PM utils.LogUtil info
INFO: Order history retrieved successfully for customer ID: 11
Dec 21, 2024 8:22:11 PM utils.LogUtil info
INFO: Order history sent to client for customer ID: 11
Dec 21, 2024 8:22:59 PM utils.LogUtil info
INFO: Received order from client: model.Order@8076990
Dec 21, 2024 8:22:59 PM utils.LogUtil info
INFO: Order saved to database successfully: model.Order@8076990
Dec 21, 2024 8:23:00 PM utils.LogUtil info
INFO: Menu sent successfully to client.
Dec 21, 2024 8:23:00 PM utils.LogUtil info
INFO: Fetching order history for customer ID: 11
Dec 21, 2024 8:23:00 PM utils.LogUtil info
INFO: Order history retrieved successfully for customer ID: 11
Dec 21, 2024 8:23:00 PM utils.LogUtil info
INFO: Order history sent to client for customer ID: 11
Dec 21, 2024 8:23:28 PM utils.LogUtil info
INFO: Update order: 53
Dec 21, 2024 8:29:41 PM utils.LogUtil info
INFO: Admin log in: admin
Dec 21, 2024 8:30:16 PM utils.LogUtil info
INFO: Add customer: 0971748753
Dec 21, 2024 8:31:00 PM utils.LogUtil info
INFO: Delete customer: 16
Dec 21, 2024 8:31:28 PM utils.LogUtil info
INFO: Add machine: admin2
Dec 21, 2024 8:33:52 PM utils.LogUtil info
INFO: Admin log in: admin2
Dec 21, 2024 8:33:55 PM utils.LogUtil info
INFO: Delete admin: 2
Dec 21, 2024 8:41:51 PM utils.LogUtil info
INFO: Admin log in: admin
Dec 21, 2024 8:42:09 PM utils.LogUtil info
INFO: Add machine: admin2
Dec 21, 2024 8:52:25 PM utils.LogUtil info
INFO: Admin log in: admin
Dec 21, 2024 8:52:59 PM utils.LogUtil info
INFO: Add drink: Chanh dây
Dec 21, 2024 8:53:17 PM utils.LogUtil info
INFO: Edit drink: 19
Dec 21, 2024 8:53:22 PM utils.LogUtil info
INFO: Delete drink: 19
Dec 21, 2024 8:53:49 PM utils.LogUtil info
INFO: Add machine: LAPTOP123
Dec 21, 2024 8:58:22 PM utils.LogUtil info
INFO: Admin log in: admin
Dec 21, 2024 9:10:57 PM utils.LogUtil info
INFO: Admin log in: admin
Dec 21, 2024 9:11:52 PM utils.LogUtil info
INFO: Admin log in: admin
Dec 21, 2024 9:12:00 PM utils.LogUtil info
INFO: Edit admin 3
Dec 21, 2024 9:12:08 PM utils.LogUtil info
INFO: Edit admin 3
Dec 21, 2024 9:12:18 PM utils.LogUtil info
INFO: Admin log in: admin2
Dec 21, 2024 9:12:34 PM utils.LogUtil info
INFO: Edit customer 17
Dec 21, 2024 9:12:49 PM utils.LogUtil info
INFO: Attempting login for user: hlong2
Dec 21, 2024 9:12:49 PM utils.LogUtil info
INFO: Login successful for user: hlong2
Dec 21, 2024 9:12:53 PM utils.LogUtil info
INFO: OTP sent to email: nguyenhoanglong18112003@gmail.com
Dec 21, 2024 9:13:11 PM utils.LogUtil info
INFO: OTP verified successfully for user: hlong2
Dec 21, 2024 9:13:11 PM utils.LogUtil info
INFO: Menu sent successfully to client.
Dec 21, 2024 9:13:11 PM utils.LogUtil info
INFO: Fetching order history for customer ID: 17
Dec 21, 2024 9:13:11 PM utils.LogUtil warning
WARNING: No orders found for customer ID: 17
Dec 21, 2024 9:13:11 PM utils.LogUtil info
INFO: Order history sent to client for customer ID: 17
Dec 21, 2024 9:13:16 PM utils.LogUtil info
INFO: Received order from client: model.Order@357825c2
Dec 21, 2024 9:13:16 PM utils.LogUtil info
INFO: Order saved to database successfully: model.Order@357825c2
Dec 21, 2024 9:13:17 PM utils.LogUtil info
INFO: Menu sent successfully to client.
Dec 21, 2024 9:13:17 PM utils.LogUtil info
INFO: Fetching order history for customer ID: 17
Dec 21, 2024 9:13:17 PM utils.LogUtil info
INFO: Order history retrieved successfully for customer ID: 17
Dec 21, 2024 9:13:17 PM utils.LogUtil info
INFO: Order history sent to client for customer ID: 17
Dec 21, 2024 9:13:49 PM utils.LogUtil info
INFO: Admin log in: admin
Dec 21, 2024 9:16:07 PM utils.LogUtil info
INFO: Admin log in: admin
Dec 21, 2024 9:18:41 PM utils.LogUtil info
INFO: Admin log in: admin
Dec 21, 2024 9:19:03 PM utils.LogUtil info
INFO: Add customer: 0971748753
Dec 21, 2024 9:19:36 PM utils.LogUtil info
INFO: Edit customer 19
Dec 21, 2024 9:19:46 PM utils.LogUtil info
INFO: Delete customer: 19
Dec 21, 2024 9:20:17 PM utils.LogUtil info
INFO: Add drink: Olong
Dec 21, 2024 9:20:46 PM utils.LogUtil info
INFO: Edit drink: 20
Dec 21, 2024 9:20:52 PM utils.LogUtil info
INFO: Delete drink: 20
Dec 21, 2024 9:21:07 PM utils.LogUtil info
INFO: Update order: 54
Dec 21, 2024 9:21:26 PM utils.LogUtil info
INFO: Add machine: Computer4
Dec 21, 2024 9:21:32 PM utils.LogUtil info
INFO: Edit machine: 9
Dec 21, 2024 9:21:36 PM utils.LogUtil info
INFO: Delete machine: 9
Dec 21, 2024 9:22:09 PM utils.LogUtil info
INFO: Edit admin 3
Dec 21, 2024 9:22:21 PM utils.LogUtil info
INFO: Add machine: admin4
Dec 21, 2024 9:22:25 PM utils.LogUtil info
INFO: Delete admin: 4
Dec 21, 2024 9:22:40 PM utils.LogUtil info
INFO: Attempting login for user: hlong3
Dec 21, 2024 9:22:40 PM utils.LogUtil info
INFO: Login successful for user: hlong3
Dec 21, 2024 9:22:44 PM utils.LogUtil info
INFO: OTP sent to email: nguyenhoanglongk14@siu.edu.vn
Dec 21, 2024 9:23:00 PM utils.LogUtil info
INFO: OTP verified successfully for user: hlong3
Dec 21, 2024 9:23:01 PM utils.LogUtil info
INFO: Menu sent successfully to client.
Dec 21, 2024 9:23:01 PM utils.LogUtil info
INFO: Fetching order history for customer ID: 11
Dec 21, 2024 9:23:02 PM utils.LogUtil info
INFO: Order history retrieved successfully for customer ID: 11
Dec 21, 2024 9:23:02 PM utils.LogUtil info
INFO: Order history sent to client for customer ID: 11
Dec 21, 2024 9:23:33 PM utils.LogUtil info
INFO: Received order from client: model.Order@27fd1255
Dec 21, 2024 9:23:33 PM utils.LogUtil info
INFO: Order saved to database successfully: model.Order@27fd1255
Dec 21, 2024 9:23:37 PM utils.LogUtil info
INFO: Menu sent successfully to client.
Dec 21, 2024 9:23:37 PM utils.LogUtil info
INFO: Fetching order history for customer ID: 11
Dec 21, 2024 9:23:37 PM utils.LogUtil info
INFO: Order history retrieved successfully for customer ID: 11
Dec 21, 2024 9:23:37 PM utils.LogUtil info
INFO: Order history sent to client for customer ID: 11
Dec 21, 2024 9:24:10 PM utils.LogUtil info
INFO: Received order from client: model.Order@598f9292
Dec 21, 2024 9:24:10 PM utils.LogUtil info
INFO: Order saved to database successfully: model.Order@598f9292
Dec 21, 2024 9:24:11 PM utils.LogUtil info
INFO: Menu sent successfully to client.
Dec 21, 2024 9:24:11 PM utils.LogUtil info
INFO: Fetching order history for customer ID: 11
Dec 21, 2024 9:24:11 PM utils.LogUtil info
INFO: Order history retrieved successfully for customer ID: 11
Dec 21, 2024 9:24:11 PM utils.LogUtil info
INFO: Order history sent to client for customer ID: 11
Dec 21, 2024 9:32:48 PM utils.LogUtil info
INFO: Admin log in: admin
Dec 21, 2024 9:33:45 PM utils.LogUtil info
INFO: Edit drink: 11
Dec 21, 2024 9:33:50 PM utils.LogUtil info
INFO: Edit drink: 13
Dec 21, 2024 9:33:59 PM utils.LogUtil info
INFO: Attempting login for user: hlong3
Dec 21, 2024 9:34:00 PM utils.LogUtil info
INFO: Login successful for user: hlong3
Dec 21, 2024 9:34:03 PM utils.LogUtil info
INFO: OTP sent to email: nguyenhoanglongk14@siu.edu.vn
Dec 21, 2024 9:34:32 PM utils.LogUtil severe
SEVERE: Error during login: Cannot invoke "String.getBytes(java.nio.charset.Charset)" because "src" is null
Dec 21, 2024 9:34:59 PM utils.LogUtil info
INFO: Edit drink: 13
Dec 21, 2024 9:35:03 PM utils.LogUtil info
INFO: Edit drink: 11
Dec 21, 2024 9:35:32 PM utils.LogUtil info
INFO: Admin log in: admin
Dec 21, 2024 9:35:48 PM utils.LogUtil info
INFO: Edit drink: 11
Dec 21, 2024 9:35:56 PM utils.LogUtil info
INFO: Edit drink: 11
Dec 21, 2024 9:36:16 PM utils.LogUtil info
INFO: Edit drink: 11
Dec 21, 2024 9:36:20 PM utils.LogUtil info
INFO: Edit drink: 13
Dec 21, 2024 9:36:28 PM utils.LogUtil info
INFO: Attempting login for user: hlong3
Dec 21, 2024 9:36:28 PM utils.LogUtil info
INFO: Login successful for user: hlong3
Dec 21, 2024 9:36:31 PM utils.LogUtil info
INFO: OTP sent to email: nguyenhoanglongk14@siu.edu.vn
Dec 21, 2024 9:36:48 PM utils.LogUtil info
INFO: OTP verified successfully for user: hlong3
Dec 21, 2024 9:36:49 PM utils.LogUtil info
INFO: Menu sent successfully to client.
Dec 21, 2024 9:36:49 PM utils.LogUtil info
INFO: Fetching order history for customer ID: 11
Dec 21, 2024 9:36:50 PM utils.LogUtil info
INFO: Order history retrieved successfully for customer ID: 11
Dec 21, 2024 9:36:50 PM utils.LogUtil info
INFO: Order history sent to client for customer ID: 11
Jan 04, 2025 11:56:34 AM utils.LogUtil info
INFO: Admin log in: admin
Jan 04, 2025 11:56:59 AM utils.LogUtil info
INFO: Attempting login for user: hlong3
Jan 04, 2025 11:56:59 AM utils.LogUtil info
INFO: Login successful for user: hlong3
Jan 04, 2025 11:57:03 AM utils.LogUtil info
INFO: OTP sent to email: nguyenhoanglongk14@siu.edu.vn
Jan 04, 2025 11:57:16 AM utils.LogUtil info
INFO: OTP verified successfully for user: hlong3
Jan 04, 2025 11:57:17 AM utils.LogUtil info
INFO: Menu sent successfully to client.
Jan 04, 2025 11:57:17 AM utils.LogUtil info
INFO: Fetching order history for customer ID: 11
Jan 04, 2025 11:57:18 AM utils.LogUtil info
INFO: Order history retrieved successfully for customer ID: 11
Jan 04, 2025 11:57:18 AM utils.LogUtil info
INFO: Order history sent to client for customer ID: 11
Jan 04, 2025 11:58:21 AM utils.LogUtil info
INFO: Received order from client: model.Order@108b1f6e
Jan 04, 2025 11:58:21 AM utils.LogUtil info
INFO: Order saved to database successfully: model.Order@108b1f6e
Jan 04, 2025 11:58:22 AM utils.LogUtil info
INFO: Menu sent successfully to client.
Jan 04, 2025 11:58:22 AM utils.LogUtil info
INFO: Fetching order history for customer ID: 11
Jan 04, 2025 11:58:23 AM utils.LogUtil info
INFO: Order history retrieved successfully for customer ID: 11
Jan 04, 2025 11:58:23 AM utils.LogUtil info
INFO: Order history sent to client for customer ID: 11
Jan 07, 2025 7:39:11 AM utils.LogUtil info
INFO: Admin log in: admin
Jan 07, 2025 7:39:45 AM utils.LogUtil info
INFO: Admin log in: admin
Jan 07, 2025 7:44:21 AM utils.LogUtil info
INFO: Admin log in: admin
Jan 07, 2025 7:44:54 AM utils.LogUtil info
INFO: Edit customer 17
Jan 07, 2025 7:45:54 AM utils.LogUtil info
INFO: Add customer: 0942753907
Jan 07, 2025 7:46:08 AM utils.LogUtil info
INFO: Delete customer: 20
Jan 07, 2025 7:51:33 AM utils.LogUtil info
INFO: Admin log in: admin
Jan 07, 2025 7:51:41 AM utils.LogUtil info
INFO: Attempting login for user: hlong3
Jan 07, 2025 7:51:41 AM utils.LogUtil info
INFO: Login successful for user: hlong3
Jan 07, 2025 7:51:46 AM utils.LogUtil info
INFO: OTP sent to email: nguyenhoanglongk14@siu.edu.vn
Jan 07, 2025 7:52:18 AM utils.LogUtil info
INFO: OTP verified successfully for user: hlong3
Jan 07, 2025 7:52:19 AM utils.LogUtil info
INFO: Menu sent successfully to client.
Jan 07, 2025 7:52:20 AM utils.LogUtil info
INFO: Fetching order history for customer ID: 11
Jan 07, 2025 7:52:20 AM utils.LogUtil info
INFO: Order history retrieved successfully for customer ID: 11
Jan 07, 2025 7:52:20 AM utils.LogUtil info
INFO: Order history sent to client for customer ID: 11
Jan 07, 2025 7:52:55 AM utils.LogUtil info
INFO: Received order from client: model.Order@1a8ba5f3
Jan 07, 2025 7:52:55 AM utils.LogUtil info
INFO: Order saved to database successfully: model.Order@1a8ba5f3
Jan 07, 2025 7:52:56 AM utils.LogUtil info
INFO: Menu sent successfully to client.
Jan 07, 2025 7:52:56 AM utils.LogUtil info
INFO: Fetching order history for customer ID: 11
Jan 07, 2025 7:52:56 AM utils.LogUtil info
INFO: Order history retrieved successfully for customer ID: 11
Jan 07, 2025 7:52:56 AM utils.LogUtil info
INFO: Order history sent to client for customer ID: 11
Jan 07, 2025 7:54:32 AM utils.LogUtil info
INFO: Edit drink: 11
Jan 07, 2025 7:54:34 AM utils.LogUtil info
INFO: Edit drink: 13
Jan 07, 2025 7:54:39 AM utils.LogUtil info
INFO: Received order from client: model.Order@1317499
Jan 07, 2025 7:54:39 AM utils.LogUtil info
INFO: Order saved to database successfully: model.Order@1317499
Jan 07, 2025 7:54:40 AM utils.LogUtil info
INFO: Menu sent successfully to client.
Jan 07, 2025 7:54:40 AM utils.LogUtil info
INFO: Fetching order history for customer ID: 11
Jan 07, 2025 7:54:40 AM utils.LogUtil info
INFO: Order history retrieved successfully for customer ID: 11
Jan 07, 2025 7:54:40 AM utils.LogUtil info
INFO: Order history sent to client for customer ID: 11
Jan 07, 2025 7:54:48 AM utils.LogUtil info
INFO: Edit drink: 13
Jan 07, 2025 7:54:56 AM utils.LogUtil info
INFO: Edit drink: 13
Jan 07, 2025 7:55:02 AM utils.LogUtil info
INFO: Received order from client: model.Order@2589006b
Jan 07, 2025 7:55:02 AM utils.LogUtil info
INFO: Order saved to database successfully: model.Order@2589006b
Jan 07, 2025 7:55:03 AM utils.LogUtil info
INFO: Menu sent successfully to client.
Jan 07, 2025 7:55:03 AM utils.LogUtil info
INFO: Fetching order history for customer ID: 11
Jan 07, 2025 7:55:04 AM utils.LogUtil info
INFO: Order history retrieved successfully for customer ID: 11
Jan 07, 2025 7:55:04 AM utils.LogUtil info
INFO: Order history sent to client for customer ID: 11
Jan 07, 2025 8:21:40 AM utils.LogUtil info
INFO: Admin log in: admin
Jan 07, 2025 8:23:22 AM utils.LogUtil info
INFO: Admin log in: admin
Jan 07, 2025 8:24:20 AM utils.LogUtil info
INFO: Admin log in: admin
Jan 07, 2025 8:38:04 AM utils.LogUtil info
INFO: Admin log in: admin
Jan 07, 2025 8:39:04 AM utils.LogUtil info
INFO: Add drink: olong
Jan 07, 2025 8:39:21 AM utils.LogUtil info
INFO: Edit drink: 21
Jan 07, 2025 8:40:28 AM utils.LogUtil info
INFO: Attempting login for user: hlong3
Jan 07, 2025 8:40:28 AM utils.LogUtil info
INFO: Login successful for user: hlong3
Jan 07, 2025 8:40:33 AM utils.LogUtil info
INFO: OTP sent to email: nguyenhoanglongk14@siu.edu.vn
Jan 07, 2025 8:40:46 AM utils.LogUtil warning
WARNING: Invalid OTP for user: hlong3
Jan 07, 2025 8:40:54 AM utils.LogUtil info
INFO: Attempting login for user: hlong3
Jan 07, 2025 8:40:54 AM utils.LogUtil warning
WARNING: Invalid login attempt for user: hlong3
Jan 07, 2025 8:40:56 AM utils.LogUtil info
INFO: Attempting login for user: hlong3
Jan 07, 2025 8:40:57 AM utils.LogUtil warning
WARNING: Invalid login attempt for user: hlong3
Jan 07, 2025 8:41:09 AM utils.LogUtil info
INFO: Attempting login for user: hlong3
Jan 07, 2025 8:41:09 AM utils.LogUtil info
INFO: Login successful for user: hlong3
Jan 07, 2025 8:41:14 AM utils.LogUtil info
INFO: OTP sent to email: nguyenhoanglongk14@siu.edu.vn
Jan 07, 2025 8:41:25 AM utils.LogUtil warning
WARNING: Invalid OTP for user: hlong3
Jan 07, 2025 8:42:03 AM utils.LogUtil info
INFO: Edit customer 11
Jan 07, 2025 8:42:09 AM utils.LogUtil info
INFO: Attempting login for user: hlong3
Jan 07, 2025 8:42:09 AM utils.LogUtil info
INFO: Login successful for user: hlong3
Jan 07, 2025 8:42:12 AM utils.LogUtil info
INFO: OTP sent to email: nguyenhoanglongk14@siu.edu.vn
Jan 07, 2025 8:42:27 AM utils.LogUtil warning
WARNING: Invalid OTP for user: hlong3
Jan 07, 2025 8:42:48 AM utils.LogUtil info
INFO: Attempting login for user: hlong3
Jan 07, 2025 8:42:48 AM utils.LogUtil info
INFO: Login successful for user: hlong3
Jan 07, 2025 8:42:52 AM utils.LogUtil info
INFO: OTP sent to email: nguyenhoanglongk14@siu.edu.vn
Jan 07, 2025 8:43:11 AM utils.LogUtil severe
SEVERE: Error during login: Cannot invoke "String.getBytes(java.nio.charset.Charset)" because "src" is null
Jan 07, 2025 8:43:25 AM utils.LogUtil info
INFO: Admin log in: admin
Jan 07, 2025 8:44:08 AM utils.LogUtil info
INFO: Add customer: 0971748753
Jan 07, 2025 8:44:34 AM utils.LogUtil info
INFO: Attempting login for user: tuan123
Jan 07, 2025 8:44:34 AM utils.LogUtil info
INFO: Login successful for user: tuan123
Jan 07, 2025 8:44:38 AM utils.LogUtil info
INFO: OTP sent to email: nguyenhoanglongk14@siu.edu.vn
Jan 07, 2025 8:44:56 AM utils.LogUtil info
INFO: OTP verified successfully for user: tuan123
Jan 07, 2025 8:44:57 AM utils.LogUtil info
INFO: Menu sent successfully to client.
Jan 07, 2025 8:44:57 AM utils.LogUtil info
INFO: Fetching order history for customer ID: 22
Jan 07, 2025 8:44:57 AM utils.LogUtil warning
WARNING: No orders found for customer ID: 22
Jan 07, 2025 8:44:57 AM utils.LogUtil info
INFO: Order history sent to client for customer ID: 22
Jan 07, 2025 8:45:19 AM utils.LogUtil info
INFO: Received order from client: model.Order@78d8229a
Jan 07, 2025 8:45:19 AM utils.LogUtil info
INFO: Order saved to database successfully: model.Order@78d8229a
Jan 07, 2025 8:45:22 AM utils.LogUtil info
INFO: Menu sent successfully to client.
Jan 07, 2025 8:45:22 AM utils.LogUtil info
INFO: Fetching order history for customer ID: 22
Jan 07, 2025 8:45:22 AM utils.LogUtil info
INFO: Order history retrieved successfully for customer ID: 22
Jan 07, 2025 8:45:22 AM utils.LogUtil info
INFO: Order history sent to client for customer ID: 22
